[INFO] [2017-02-17 14:35:51][mine.demo.service.IAlibabaUrlService]=================== 第1页
[INFO] [2017-02-17 14:35:51][mine.demo.service.IAlibabaUrlService]========= search list：https://www.alibaba.com/products/F0/kamry_cassiel/1.html
[INFO] [2017-02-17 14:35:53][mine.demo.service.IAlibabaUrlService]============ 1 search pro：http://www.alibaba.com/product-detail/Kamry-Cassiel-e-cigarettes-vape-pen_60618065670.html\u003fs\u003dp
[INFO] [2017-02-17 14:35:53][mine.demo.service.IAlibabaUrlService]============  没有金额
[INFO] [2017-02-17 14:35:54][mine.demo.service.IAlibabaUrlService]============ 2 search pro：http://www.alibaba.com/product-detail/Wholesale-china-accept-paypal-510thread-kamry_60583431875.html
[INFO] [2017-02-17 14:35:56][mine.demo.service.IAlibabaUrlService]============ 3 search pro：http://www.alibaba.com/product-detail/cigarette-liquid-vapor-refills-Kamry-Cassiel_60585450687.html
[INFO] [2017-02-17 14:35:56][mine.demo.service.IAlibabaUrlService]============  没有金额
[INFO] [2017-02-17 14:35:57][mine.demo.service.IAlibabaUrlService]============ 4 search pro：http://www.alibaba.com/product-detail/2016-kamry-cigarros-electronicos-vapor-Cassiel_60595723922.html
[INFO] [2017-02-17 14:35:57][mine.demo.service.IAlibabaUrlService]============  没有金额
[INFO] [2017-02-17 14:35:58][mine.demo.service.IAlibabaUrlService]============ 5 search pro：http://www.alibaba.com/product-detail/elektronik-sigara-electronic-cigarette-kamry-cassiel_60599087821.html
[INFO] [2017-02-17 14:35:58][mine.demo.service.IAlibabaUrlService]============  没有金额
[INFO] [2017-02-17 14:35:59][mine.demo.service.IAlibabaUrlService]============ 6 search pro：http://www.alibaba.com/product-detail/Good-price-on-sale-wholesale-Japan_60582885416.html
[INFO] [2017-02-17 14:35:59][mine.demo.service.IAlibabaUrlService]============  没有金额
[INFO] [2017-02-17 14:36:00][mine.demo.service.IAlibabaUrlService]============ 7 search pro：http://www.alibaba.com/product-detail/purchase-vapor-ecigarette-vapor-Kamry-Cassiel_60582090501.html
[INFO] [2017-02-17 14:36:00][mine.demo.service.IAlibabaUrlService]============  没有金额
[INFO] [2017-02-17 14:36:01][mine.demo.service.IAlibabaUrlService]============ 8 search pro：http://www.alibaba.com/product-detail/Kamry-Cassiel-personalized-electronic-cigarette-TPD_60593886823.html
[INFO] [2017-02-17 14:36:02][mine.demo.service.IAlibabaUrlService]============  没有金额
[INFO] [2017-02-17 14:36:03][mine.demo.service.IAlibabaUrlService]============ 9 search pro：http://www.alibaba.com/product-detail/Wholesale-china-accept-paypal-510thread-kamry_60599080662.html
[INFO] [2017-02-17 14:36:03][mine.demo.service.IAlibabaUrlService]============  没有金额
[INFO] [2017-02-17 14:36:04][mine.demo.service.IAlibabaUrlService]============ 10 search pro：http://www.alibaba.com/product-detail/elektronik-sigara-electronic-cigarette-kamry-cassiel_60590751695.html
[INFO] [2017-02-17 14:36:04][mine.demo.service.IAlibabaUrlService]============  没有金额
[INFO] [2017-02-17 14:36:05][mine.demo.service.IAlibabaUrlService]============ 11 search pro：http://www.alibaba.com/product-detail/Shenzhen-electronic-products-supplier-wholesale-new_60583734026.html
[INFO] [2017-02-17 14:36:05][mine.demo.service.IAlibabaUrlService]============  没有金额
[INFO] [2017-02-17 14:36:06][mine.demo.service.IAlibabaUrlService]============ 12 search pro：http://www.alibaba.com/product-detail/2016-kamry-cigarros-electronicos-vapor-Cassiel_60589647361.html
[INFO] [2017-02-17 14:36:06][mine.demo.service.IAlibabaUrlService]============  没有金额
[INFO] [2017-02-17 14:36:07][mine.demo.service.IAlibabaUrlService]============ 13 search pro：http://www.alibaba.com/product-detail/Kamry-Cassiel-e-cigarette-mod-starter_60598716526.html
[INFO] [2017-02-17 14:36:07][mine.demo.service.IAlibabaUrlService]============  没有金额
[INFO] [2017-02-17 14:36:08][mine.demo.service.IAlibabaUrlService]============ 14 search pro：http://www.alibaba.com/product-detail/New-technology-Japan-stylish-170mah-micro_60615162445.html
[INFO] [2017-02-17 14:36:09][mine.demo.service.IAlibabaUrlService]============  没有金额
[INFO] [2017-02-17 14:36:10][mine.demo.service.IAlibabaUrlService]============ 15 search pro：http://www.alibaba.com/product-detail/Kamry-Cassiel-e-cigarette-refill-buy_60582390849.html
[INFO] [2017-02-17 14:36:10][mine.demo.service.IAlibabaUrlService]============  没有金额
[INFO] [2017-02-17 14:36:11][mine.demo.service.IAlibabaUrlService]============ 16 search pro：http://www.alibaba.com/product-detail/hot-vape-electronic-cigarette-kamry-cassiel_60583177159.html
[INFO] [2017-02-17 14:36:11][mine.demo.service.IAlibabaUrlService]============  没有金额
[INFO] [2017-02-17 14:36:12][mine.demo.service.IAlibabaUrlService]============ 17 search pro：http://www.alibaba.com/product-detail/free-vape-pen-starter-kit-Kamry_60599334615.html
[INFO] [2017-02-17 14:36:12][mine.demo.service.IAlibabaUrlService]============  没有金额
[INFO] [2017-02-17 14:36:13][mine.demo.service.IAlibabaUrlService]============ 18 search pro：http://www.alibaba.com/product-detail/high-quality-e-cig-smart-pcc_60591297057.html
[INFO] [2017-02-17 14:36:13][mine.demo.service.IAlibabaUrlService]============  没有金额
[INFO] [2017-02-17 14:36:14][mine.demo.service.IAlibabaUrlService]============ 19 search pro：http://www.alibaba.com/product-detail/2016-kamry-cigarros-electronicos-big-ecigs_60596732748.html
[INFO] [2017-02-17 14:36:14][mine.demo.service.IAlibabaUrlService]============  没有金额
[INFO] [2017-02-17 14:36:15][mine.demo.service.IAlibabaUrlService]============ 20 search pro：http://www.alibaba.com/product-detail/vape-pen-kamry-Cassiel-1200mah-charging_60584828267.html
[INFO] [2017-02-17 14:36:15][mine.demo.service.IAlibabaUrlService]============  没有金额
[INFO] [2017-02-17 14:36:16][mine.demo.service.IAlibabaUrlService]============ 21 search pro：http://www.alibaba.com/product-detail/2016-kamry-cigarros-electronicos-big-vapor_60597365089.html
[INFO] [2017-02-17 14:36:17][mine.demo.service.IAlibabaUrlService]============  没有金额
[INFO] [2017-02-17 14:36:18][mine.demo.service.IAlibabaUrlService]============ 22 search pro：http://www.alibaba.com/product-detail/Best-online-shopping-high-quality-micro_60586210913.html
[INFO] [2017-02-17 14:36:18][mine.demo.service.IAlibabaUrlService]============  没有金额
[INFO] [2017-02-17 14:36:19][mine.demo.service.IAlibabaUrlService]============ 23 search pro：http://www.alibaba.com/product-detail/good-vape-pen-battery-Kamry-Cassiel_60592376195.html
[INFO] [2017-02-17 14:36:19][mine.demo.service.IAlibabaUrlService]============  没有金额
[INFO] [2017-02-17 14:36:20][mine.demo.service.IAlibabaUrlService]============ 24 search pro：http://www.alibaba.com/product-detail/cigarros-electronicos-vapor-Kamry-Cassiel-170_60589526082.html
[INFO] [2017-02-17 14:36:20][mine.demo.service.IAlibabaUrlService]============  没有金额
[INFO] [2017-02-17 14:36:21][mine.demo.service.IAlibabaUrlService]============ 25 search pro：http://www.alibaba.com/product-detail/Ladies-like-10mm-e-cigarette-holder_60582759373.html
[INFO] [2017-02-17 14:36:21][mine.demo.service.IAlibabaUrlService]============  没有金额
[INFO] [2017-02-17 14:36:22][mine.demo.service.IAlibabaUrlService]============ 26 search pro：http://www.alibaba.com/product-detail/cigarros-electronicos-vapor-Kamry-Cassiel-170_60581644787.html
[INFO] [2017-02-17 14:36:24][mine.demo.service.IAlibabaUrlService]============ 27 search pro：http://www.alibaba.com/product-detail/2016-kamry-cigarros-electronicos-vapor-Cassiel_60601072715.html
[INFO] [2017-02-17 14:36:24][mine.demo.service.IAlibabaUrlService]============  没有金额
[INFO] [2017-02-17 14:36:25][mine.demo.service.IAlibabaUrlService]============ 28 search pro：http://www.alibaba.com/product-detail/2017-most-popular-black-color-kamry_60592647907.html
[INFO] [2017-02-17 14:36:25][mine.demo.service.IAlibabaUrlService]============  没有金额
[INFO] [2017-02-17 14:36:26][mine.demo.service.IAlibabaUrlService]============ 29 search pro：http://www.alibaba.com/product-detail/vapor-cigarette-wholesale-China-vapor-suppliers_60580775341.html
[INFO] [2017-02-17 14:36:27][mine.demo.service.IAlibabaUrlService]============  没有金额
[INFO] [2017-02-17 14:36:28][mine.demo.service.IAlibabaUrlService]============ 30 search pro：http://www.alibaba.com/product-detail/2016-kamry-cigarros-electronicos-vapor-Cassiel_60596807924.html
[INFO] [2017-02-17 14:36:28][mine.demo.service.IAlibabaUrlService]============  没有金额
[INFO] [2017-02-17 14:36:29][mine.demo.service.IAlibabaUrlService]============ 31 search pro：http://www.alibaba.com/product-detail/2016-Newest-vaporizer-e-cigarette-170mah_60581684597.html
[INFO] [2017-02-17 14:36:29][mine.demo.service.IAlibabaUrlService]============  没有金额
[INFO] [2017-02-17 14:36:30][mine.demo.service.IAlibabaUrlService]============ 32 search pro：http://www.alibaba.com/product-detail/kamry-micro-vape-free-vape-pen_60598364354.html
[INFO] [2017-02-17 14:36:30][mine.demo.service.IAlibabaUrlService]============  没有金额
[INFO] [2017-02-17 14:36:31][mine.demo.service.IAlibabaUrlService]============ 33 search pro：http://www.alibaba.com/product-detail/2016-kamry-cigarros-electronicos-vapor-Cassiel_60628819281.html
[INFO] [2017-02-17 14:36:31][mine.demo.service.IAlibabaUrlService]============  没有金额
[INFO] [2017-02-17 14:36:32][mine.demo.service.IAlibabaUrlService]============ 34 search pro：http://www.alibaba.com/product-detail/China-original-manufacturer-for-rechargeable-micro_60587754053.html
[INFO] [2017-02-17 14:36:32][mine.demo.service.IAlibabaUrlService]============  没有金额
[INFO] [2017-02-17 14:36:33][mine.demo.service.IAlibabaUrlService]============ 35 search pro：http://www.alibaba.com/product-detail/vape-mods-2017-new-e-cigarette_60600535184.html
[INFO] [2017-02-17 14:36:34][mine.demo.service.IAlibabaUrlService]============  没有金额
[INFO] [2017-02-17 14:36:35][mine.demo.service.IAlibabaUrlService]============ 36 search pro：http://www.alibaba.com/product-detail/Newest-electronics-cigarette-Kamry-Cassiel-with_60581801888.html
[INFO] [2017-02-17 14:36:35][mine.demo.service.IAlibabaUrlService]============  没有金额
[INFO] [2017-02-17 14:36:36][mine.demo.service.IAlibabaUrlService]============ 37 search pro：http://www.alibaba.com/product-detail/Hot-sale-Kamry-new-e-cigarette_60591346076.html
[INFO] [2017-02-17 14:36:36][mine.demo.service.IAlibabaUrlService]============  没有金额
[INFO] [2017-02-17 14:36:37][mine.demo.service.IAlibabaUrlService]============ 38 search pro：http://www.alibaba.com/product-detail/e-cigarette-vape-Kamry-Cassiel-mini_60592310127.html
[INFO] [2017-02-17 14:36:37][mine.demo.service.IAlibabaUrlService]============  没有金额
[INFO] [2017-02-17 14:36:38][mine.demo.service.IAlibabaUrlService]============ 39 search pro：http://www.alibaba.com/product-detail/rainbow-colored-vaping-mod-vaping-devices_60584290672.html
[INFO] [2017-02-17 14:36:38][mine.demo.service.IAlibabaUrlService]============  没有金额
[INFO] [2017-02-17 14:36:39][mine.demo.service.IAlibabaUrlService]##########  操作结果，search数量：39 用时47秒
[DEBUG] [2017-02-27 14:46:58][mine.demo.service.IAlibabaUrlService]java.io.FileNotFoundException: C:\Users\hh\Desktop\2.16\kamry cassiel.xls (系统找不到指定的路径。)
[INFO] [2017-02-27 14:46:58][mine.demo.service.IAlibabaUrlService]##########  操作结果，search数量：0 用时0秒
[INFO] [2017-02-27 14:47:37][mine.demo.service.IAlibabaUrlService]=================== 第1页
[INFO] [2017-02-27 14:47:37][mine.demo.service.IAlibabaUrlService]========= search list：https://www.alibaba.com/products/F0/kamry_cassiel/1.html
[INFO] [2017-02-27 14:47:39][mine.demo.service.IAlibabaUrlService]============ 1 search pro：http://www.alibaba.com/product-detail/purchase-vapor-ecigarette-vapor-Kamry-Cassiel_60582090501.html
[INFO] [2017-02-27 14:47:40][mine.demo.service.IAlibabaUrlService]============  没有金额
[INFO] [2017-02-27 14:47:41][mine.demo.service.IAlibabaUrlService]============ 2 search pro：http://www.alibaba.com/product-detail/elektronik-sigara-electronic-cigarette-kamry-cassiel_60599087821.html
[INFO] [2017-02-27 14:47:41][mine.demo.service.IAlibabaUrlService]============  没有金额
[INFO] [2017-02-27 14:47:42][mine.demo.service.IAlibabaUrlService]============ 3 search pro：http://www.alibaba.com/product-detail/Kamry-Cassiel-e-cigs-vape-pen_60589452246.html
[INFO] [2017-02-27 14:47:42][mine.demo.service.IAlibabaUrlService]============  没有金额
[INFO] [2017-02-27 14:47:43][mine.demo.service.IAlibabaUrlService]============ 4 search pro：http://www.alibaba.com/product-detail/cigarette-liquid-vapor-refills-Kamry-Cassiel_60585450687.html
[INFO] [2017-02-27 14:47:43][mine.demo.service.IAlibabaUrlService]============  没有金额
[INFO] [2017-02-27 14:47:44][mine.demo.service.IAlibabaUrlService]============ 5 search pro：http://www.alibaba.com/product-detail/Wholesale-china-accept-paypal-510thread-kamry_60599080662.html
[INFO] [2017-02-27 14:47:44][mine.demo.service.IAlibabaUrlService]============  没有金额
[INFO] [2017-02-27 14:47:45][mine.demo.service.IAlibabaUrlService]============ 6 search pro：http://www.alibaba.com/product-detail/2016-kamry-cigarros-electronicos-vapor-Cassiel_60594906234.html
[INFO] [2017-02-27 14:47:45][mine.demo.service.IAlibabaUrlService]============  没有金额
[INFO] [2017-02-27 14:47:46][mine.demo.service.IAlibabaUrlService]============ 7 search pro：http://www.alibaba.com/product-detail/cigarros-electronicos-vapor-Kamry-Cassiel-170_60581644787.html
[INFO] [2017-02-27 17:05:56][mine.demo.service.IAlibabaUrlService]=================== 第1页
[INFO] [2017-02-27 17:05:56][mine.demo.service.IAlibabaUrlService]========= search list：https://www.alibaba.com/products/F0/kamry_cassiel/1.html
[INFO] [2017-02-27 17:05:58][mine.demo.service.IAlibabaUrlService]============ 1 search pro：http://www.alibaba.com/product-detail/Kamry-vaping-supplies-original-1200-mah_60583750989.html\u003fs\u003dp
[INFO] [2017-02-27 17:05:58][mine.demo.service.IAlibabaUrlService]============  没有金额
[INFO] [2017-02-27 17:05:59][mine.demo.service.IAlibabaUrlService]============ 2 search pro：http://www.alibaba.com/product-detail/Kamry-Cassiel-ecig-kits-pen-vaporizer_60590735780.html\u003fs\u003dp
[INFO] [2017-02-27 17:06:00][mine.demo.service.IAlibabaUrlService]============  没有金额
[INFO] [2017-02-27 17:06:01][mine.demo.service.IAlibabaUrlService]============ 3 search pro：http://www.alibaba.com/product-detail/purchase-vapor-ecigarette-vapor-Kamry-Cassiel_60582090501.html
[INFO] [2017-02-27 17:06:02][mine.demo.service.IAlibabaUrlService]============ 4 search pro：http://www.alibaba.com/product-detail/elektronik-sigara-electronic-cigarette-kamry-cassiel_60599087821.html
[INFO] [2017-02-27 17:06:04][mine.demo.service.IAlibabaUrlService]============ 5 search pro：http://www.alibaba.com/product-detail/Kamry-Cassiel-e-cigs-vape-pen_60589452246.html
[INFO] [2017-02-27 17:06:04][mine.demo.service.IAlibabaUrlService]============ 区间金额
[INFO] [2017-02-27 17:06:05][mine.demo.service.IAlibabaUrlService]============ 6 search pro：http://www.alibaba.com/product-detail/cigarette-liquid-vapor-refills-Kamry-Cassiel_60585450687.html
[INFO] [2017-02-27 17:06:07][mine.demo.service.IAlibabaUrlService]============ 7 search pro：http://www.alibaba.com/product-detail/Wholesale-china-accept-paypal-510thread-kamry_60599080662.html
[INFO] [2017-02-27 17:06:08][mine.demo.service.IAlibabaUrlService]============ 8 search pro：http://www.alibaba.com/product-detail/2016-kamry-cigarros-electronicos-vapor-Cassiel_60594906234.html
[INFO] [2017-02-27 17:06:10][mine.demo.service.IAlibabaUrlService]============ 9 search pro：http://www.alibaba.com/product-detail/cigarros-electronicos-vapor-Kamry-Cassiel-170_60581644787.html
[INFO] [2017-02-27 17:06:11][mine.demo.service.IAlibabaUrlService]============ 10 search pro：http://www.alibaba.com/product-detail/2016-kamry-cigarros-electronicos-vapor-Cassiel_60601171322.html
[INFO] [2017-02-27 17:06:13][mine.demo.service.IAlibabaUrlService]============ 11 search pro：http://www.alibaba.com/product-detail/Kamry-Cassiel-e-cigarette-mod-starter_60598716526.html
[INFO] [2017-02-27 17:06:14][mine.demo.service.IAlibabaUrlService]============ 12 search pro：http://www.alibaba.com/product-detail/China-vapor-suppliers-Kamry-Cassiel-170_60580406370.html
[INFO] [2017-02-27 17:06:16][mine.demo.service.IAlibabaUrlService]============ 13 search pro：http://www.alibaba.com/product-detail/2016-kamry-cigarros-electronicos-vapor-Cassiel_60596807924.html
[INFO] [2017-02-27 17:06:18][mine.demo.service.IAlibabaUrlService]============ 14 search pro：http://www.alibaba.com/product-detail/free-vape-pen-starter-kit-Kamry_60599334615.html
[INFO] [2017-02-27 17:06:19][mine.demo.service.IAlibabaUrlService]============ 15 search pro：http://www.alibaba.com/product-detail/vapor-cigarette-wholesale-China-vapor-suppliers_60580775341.html
[INFO] [2017-02-27 17:06:21][mine.demo.service.IAlibabaUrlService]============ 16 search pro：http://www.alibaba.com/product-detail/2016-kamry-cigarros-electronicos-big-vapor_60597365089.html
[INFO] [2017-02-27 17:06:22][mine.demo.service.IAlibabaUrlService]============ 17 search pro：http://www.alibaba.com/product-detail/New-vape-electronic-cigarette-Kamry-Cassiel_60584418768.html
[INFO] [2017-02-27 17:06:24][mine.demo.service.IAlibabaUrlService]============ 18 search pro：http://www.alibaba.com/product-detail/2016-kamry-cigarros-electronicos-vapor-Cassiel_60601072715.html
[INFO] [2017-02-27 17:06:25][mine.demo.service.IAlibabaUrlService]============ 19 search pro：http://www.alibaba.com/product-detail/Newest-mini-E-cigarette-pen-1200mah_60582036156.html
[INFO] [2017-02-27 17:06:27][mine.demo.service.IAlibabaUrlService]============ 20 search pro：http://www.alibaba.com/product-detail/2016-kamry-cigarros-electronicos-big-ecigs_60596732748.html
[INFO] [2017-02-27 17:06:28][mine.demo.service.IAlibabaUrlService]============ 21 search pro：http://www.alibaba.com/product-detail/vape-cigar-electronic-cigarette-for-sale_60583807554.html
[INFO] [2017-02-27 17:06:29][mine.demo.service.IAlibabaUrlService]============ 22 search pro：http://www.alibaba.com/product-detail/2016-kamry-cigarros-electronicos-vapor-Cassiel_60628819281.html
[INFO] [2017-02-27 17:06:31][mine.demo.service.IAlibabaUrlService]============ 23 search pro：http://www.alibaba.com/product-detail/1200mah-Rechargeable-Case-lady-s-e_60582447470.html
[INFO] [2017-02-27 17:06:32][mine.demo.service.IAlibabaUrlService]============ 24 search pro：http://www.alibaba.com/product-detail/2016-kamry-cigarros-electronicos-vapor-Cassiel_60593469937.html
[INFO] [2017-02-27 17:06:34][mine.demo.service.IAlibabaUrlService]============ 25 search pro：http://www.alibaba.com/product-detail/2017-China-vapor-stick-suppliers-Kamry_60608520074.html
[INFO] [2017-02-27 17:06:35][mine.demo.service.IAlibabaUrlService]============ 26 search pro：http://www.alibaba.com/product-detail/2016-kamry-ecgs-Cassiel-170-mah_60594454802.html
[INFO] [2017-02-27 17:06:37][mine.demo.service.IAlibabaUrlService]============ 27 search pro：http://www.alibaba.com/product-detail/New-Kamry-Cassiel-170-mah-Mini_60585449211.html
[INFO] [2017-02-27 17:06:38][mine.demo.service.IAlibabaUrlService]============ 28 search pro：http://www.alibaba.com/product-detail/2016-kamry-cigarros-electronicos-vapor-Cassiel_60589906869.html
[INFO] [2017-02-27 17:06:38][mine.demo.service.IAlibabaUrlService]============  没有金额
[INFO] [2017-02-27 17:06:39][mine.demo.service.IAlibabaUrlService]============ 29 search pro：http://www.alibaba.com/product-detail/electronic-cigarette-vapor-Kamry-Cassiel-170_60581651151.html
[INFO] [2017-02-27 17:06:40][mine.demo.service.IAlibabaUrlService]============  没有金额
[INFO] [2017-02-27 17:06:41][mine.demo.service.IAlibabaUrlService]============ 30 search pro：http://www.alibaba.com/product-detail/2016-kamry-cigarros-electronicos-vapor-Cassiel_60589647361.html
[INFO] [2017-02-27 17:06:41][mine.demo.service.IAlibabaUrlService]============  没有金额
[INFO] [2017-02-27 17:06:42][mine.demo.service.IAlibabaUrlService]============ 31 search pro：http://www.alibaba.com/product-detail/philippine-mod-vape-Kamry-Cassiel-170_60585303139.html
[INFO] [2017-02-27 17:06:42][mine.demo.service.IAlibabaUrlService]============  没有金额
[INFO] [2017-02-27 17:06:43][mine.demo.service.IAlibabaUrlService]============ 32 search pro：http://www.alibaba.com/product-detail/2016-kamry-cigarros-electronicos-vapor-Cassiel_60596927097.html
[INFO] [2017-02-27 17:06:43][mine.demo.service.IAlibabaUrlService]============  没有金额
[INFO] [2017-02-27 17:10:35][mine.demo.service.IAlibabaUrlService]=================== 第1页
[INFO] [2017-02-27 17:10:35][mine.demo.service.IAlibabaUrlService]========= search list：https://www.alibaba.com/products/F0/kamry_cassiel/1.html
[INFO] [2017-02-27 17:10:37][mine.demo.service.IAlibabaUrlService]============ 1 search pro：http://www.alibaba.com/product-detail/Kamry-vaping-supplies-original-1200-mah_60583750989.html\u003fs\u003dp
[DEBUG] [2017-02-27 17:10:38][mine.demo.service.IAlibabaUrlService]需要输入验证码
[INFO] [2017-02-27 17:10:38][mine.demo.service.IAlibabaUrlService]============  没有金额
[INFO] [2017-02-27 17:10:39][mine.demo.service.IAlibabaUrlService]============ 2 search pro：http://www.alibaba.com/product-detail/Kamry-Cassiel-ecig-kits-pen-vaporizer_60590735780.html\u003fs\u003dp
[DEBUG] [2017-02-27 17:10:39][mine.demo.service.IAlibabaUrlService]需要输入验证码
[INFO] [2017-02-27 17:10:39][mine.demo.service.IAlibabaUrlService]============  没有金额
[INFO] [2017-02-27 17:10:40][mine.demo.service.IAlibabaUrlService]============ 3 search pro：http://www.alibaba.com/product-detail/purchase-vapor-ecigarette-vapor-Kamry-Cassiel_60582090501.html
[DEBUG] [2017-02-27 17:10:40][mine.demo.service.IAlibabaUrlService]需要输入验证码
[INFO] [2017-02-27 17:10:40][mine.demo.service.IAlibabaUrlService]============  没有金额
[INFO] [2017-02-27 17:10:41][mine.demo.service.IAlibabaUrlService]============ 4 search pro：http://www.alibaba.com/product-detail/elektronik-sigara-electronic-cigarette-kamry-cassiel_60599087821.html
[DEBUG] [2017-02-27 17:10:41][mine.demo.service.IAlibabaUrlService]需要输入验证码
[INFO] [2017-02-27 17:10:41][mine.demo.service.IAlibabaUrlService]============  没有金额
[INFO] [2017-02-27 17:10:42][mine.demo.service.IAlibabaUrlService]============ 5 search pro：http://www.alibaba.com/product-detail/Kamry-Cassiel-e-cigs-vape-pen_60589452246.html
[DEBUG] [2017-02-27 17:10:42][mine.demo.service.IAlibabaUrlService]需要输入验证码
[INFO] [2017-02-27 17:10:42][mine.demo.service.IAlibabaUrlService]============  没有金额
[INFO] [2017-02-27 17:10:43][mine.demo.service.IAlibabaUrlService]============ 6 search pro：http://www.alibaba.com/product-detail/cigarette-liquid-vapor-refills-Kamry-Cassiel_60585450687.html
[DEBUG] [2017-02-27 17:10:43][mine.demo.service.IAlibabaUrlService]需要输入验证码
[INFO] [2017-02-27 17:10:43][mine.demo.service.IAlibabaUrlService]============  没有金额
[INFO] [2017-02-27 17:10:44][mine.demo.service.IAlibabaUrlService]============ 7 search pro：http://www.alibaba.com/product-detail/Wholesale-china-accept-paypal-510thread-kamry_60599080662.html
[DEBUG] [2017-02-27 17:10:45][mine.demo.service.IAlibabaUrlService]需要输入验证码
[INFO] [2017-02-27 17:10:45][mine.demo.service.IAlibabaUrlService]============  没有金额
[INFO] [2017-02-27 17:10:46][mine.demo.service.IAlibabaUrlService]============ 8 search pro：http://www.alibaba.com/product-detail/2016-kamry-cigarros-electronicos-vapor-Cassiel_60594906234.html
[DEBUG] [2017-02-27 17:10:46][mine.demo.service.IAlibabaUrlService]需要输入验证码
[INFO] [2017-02-27 17:10:46][mine.demo.service.IAlibabaUrlService]============  没有金额
[INFO] [2017-02-27 17:10:47][mine.demo.service.IAlibabaUrlService]============ 9 search pro：http://www.alibaba.com/product-detail/cigarros-electronicos-vapor-Kamry-Cassiel-170_60581644787.html
[DEBUG] [2017-02-27 17:10:47][mine.demo.service.IAlibabaUrlService]需要输入验证码
[INFO] [2017-02-27 17:10:47][mine.demo.service.IAlibabaUrlService]============  没有金额
[INFO] [2017-02-27 17:10:48][mine.demo.service.IAlibabaUrlService]============ 10 search pro：http://www.alibaba.com/product-detail/2016-kamry-cigarros-electronicos-vapor-Cassiel_60601171322.html
[DEBUG] [2017-02-27 17:10:48][mine.demo.service.IAlibabaUrlService]需要输入验证码
[INFO] [2017-02-27 17:10:48][mine.demo.service.IAlibabaUrlService]============  没有金额
[INFO] [2017-02-27 17:10:49][mine.demo.service.IAlibabaUrlService]============ 11 search pro：http://www.alibaba.com/product-detail/Kamry-Cassiel-e-cigarette-mod-starter_60598716526.html
[DEBUG] [2017-02-27 17:10:49][mine.demo.service.IAlibabaUrlService]需要输入验证码
[INFO] [2017-02-27 17:10:49][mine.demo.service.IAlibabaUrlService]============  没有金额
[INFO] [2017-02-27 17:10:50][mine.demo.service.IAlibabaUrlService]============ 12 search pro：http://www.alibaba.com/product-detail/China-vapor-suppliers-Kamry-Cassiel-170_60580406370.html
[DEBUG] [2017-02-27 17:10:50][mine.demo.service.IAlibabaUrlService]需要输入验证码
[INFO] [2017-02-27 17:10:50][mine.demo.service.IAlibabaUrlService]============  没有金额
[DEBUG] [2017-02-27 17:33:16][org.apache.commons.httpclient.HttpClient]Java version: 1.7.0_17
[DEBUG] [2017-02-27 17:33:16][org.apache.commons.httpclient.HttpClient]Java vendor: Oracle Corporation
[DEBUG] [2017-02-27 17:33:16][org.apache.commons.httpclient.HttpClient]Java class path: E:\myproj\2016_git\demo\target\classes;D:\eclipse\plugins\org.junit_4.12.0.v201504281640\junit.jar;D:\eclipse\plugins\org.hamcrest.core_1.3.0.v201303031735.jar;E:\apache-maven-3.3.9\mvnRespo\org\springframework\spring-core\4.0.2.RELEASE\spring-core-4.0.2.RELEASE.jar;E:\apache-maven-3.3.9\mvnRespo\commons-logging\commons-logging\1.1.3\commons-logging-1.1.3.jar;E:\apache-maven-3.3.9\mvnRespo\org\springframework\spring-web\4.0.2.RELEASE\spring-web-4.0.2.RELEASE.jar;E:\apache-maven-3.3.9\mvnRespo\org\springframework\spring-beans\4.0.2.RELEASE\spring-beans-4.0.2.RELEASE.jar;E:\apache-maven-3.3.9\mvnRespo\org\springframework\spring-context\4.0.2.RELEASE\spring-context-4.0.2.RELEASE.jar;E:\apache-maven-3.3.9\mvnRespo\org\springframework\spring-oxm\4.0.2.RELEASE\spring-oxm-4.0.2.RELEASE.jar;E:\apache-maven-3.3.9\mvnRespo\org\springframework\spring-tx\4.0.2.RELEASE\spring-tx-4.0.2.RELEASE.jar;E:\apache-maven-3.3.9\mvnRespo\org\springframework\spring-jdbc\4.0.2.RELEASE\spring-jdbc-4.0.2.RELEASE.jar;E:\apache-maven-3.3.9\mvnRespo\org\springframework\spring-webmvc\4.0.2.RELEASE\spring-webmvc-4.0.2.RELEASE.jar;E:\apache-maven-3.3.9\mvnRespo\org\springframework\spring-expression\4.0.2.RELEASE\spring-expression-4.0.2.RELEASE.jar;E:\apache-maven-3.3.9\mvnRespo\org\springframework\spring-aop\4.0.2.RELEASE\spring-aop-4.0.2.RELEASE.jar;E:\apache-maven-3.3.9\mvnRespo\aopalliance\aopalliance\1.0\aopalliance-1.0.jar;E:\apache-maven-3.3.9\mvnRespo\org\springframework\spring-context-support\4.0.2.RELEASE\spring-context-support-4.0.2.RELEASE.jar;E:\apache-maven-3.3.9\mvnRespo\org\springframework\spring-test\4.0.2.RELEASE\spring-test-4.0.2.RELEASE.jar;E:\apache-maven-3.3.9\mvnRespo\org\mybatis\mybatis\3.2.6\mybatis-3.2.6.jar;E:\apache-maven-3.3.9\mvnRespo\org\mybatis\mybatis-spring\1.2.2\mybatis-spring-1.2.2.jar;E:\apache-maven-3.3.9\mvnRespo\javax\javaee-api\7.0\javaee-api-7.0.jar;E:\apache-maven-3.3.9\mvnRespo\com\sun\mail\javax.mail\1.5.0\javax.mail-1.5.0.jar;E:\apache-maven-3.3.9\mvnRespo\javax\activation\activation\1.1\activation-1.1.jar;E:\apache-maven-3.3.9\mvnRespo\mysql\mysql-connector-java\5.1.30\mysql-connector-java-5.1.30.jar;E:\apache-maven-3.3.9\mvnRespo\commons-dbcp\commons-dbcp\1.2.2\commons-dbcp-1.2.2.jar;E:\apache-maven-3.3.9\mvnRespo\commons-pool\commons-pool\1.3\commons-pool-1.3.jar;E:\apache-maven-3.3.9\mvnRespo\jstl\jstl\1.2\jstl-1.2.jar;E:\apache-maven-3.3.9\mvnRespo\log4j\log4j\1.2.17\log4j-1.2.17.jar;E:\apache-maven-3.3.9\mvnRespo\com\alibaba\fastjson\1.1.41\fastjson-1.1.41.jar;E:\apache-maven-3.3.9\mvnRespo\org\slf4j\slf4j-api\1.7.7\slf4j-api-1.7.7.jar;E:\apache-maven-3.3.9\mvnRespo\org\slf4j\slf4j-log4j12\1.7.7\slf4j-log4j12-1.7.7.jar;E:\apache-maven-3.3.9\mvnRespo\org\codehaus\jackson\jackson-mapper-asl\1.9.13\jackson-mapper-asl-1.9.13.jar;E:\apache-maven-3.3.9\mvnRespo\org\codehaus\jackson\jackson-core-asl\1.9.13\jackson-core-asl-1.9.13.jar;E:\apache-maven-3.3.9\mvnRespo\commons-fileupload\commons-fileupload\1.3.1\commons-fileupload-1.3.1.jar;E:\apache-maven-3.3.9\mvnRespo\commons-io\commons-io\2.4\commons-io-2.4.jar;E:\apache-maven-3.3.9\mvnRespo\commons-codec\commons-codec\1.9\commons-codec-1.9.jar;E:\apache-maven-3.3.9\mvnRespo\net\sourceforge\jexcelapi\jxl\2.6.12\jxl-2.6.12.jar;E:\apache-maven-3.3.9\mvnRespo\org\apache\httpcomponents\httpclient\4.5.2\httpclient-4.5.2.jar;E:\apache-maven-3.3.9\mvnRespo\org\apache\httpcomponents\httpcore\4.4.4\httpcore-4.4.4.jar;E:\apache-maven-3.3.9\mvnRespo\org\jsoup\jsoup\1.6.3\jsoup-1.6.3.jar;E:\apache-maven-3.3.9\mvnRespo\commons-httpclient\commons-httpclient\3.0.1\commons-httpclient-3.0.1.jar
[DEBUG] [2017-02-27 17:33:16][org.apache.commons.httpclient.HttpClient]Operating system name: Windows 7
[DEBUG] [2017-02-27 17:33:16][org.apache.commons.httpclient.HttpClient]Operating system architecture: amd64
[DEBUG] [2017-02-27 17:33:16][org.apache.commons.httpclient.HttpClient]Operating system version: 6.1
[DEBUG] [2017-02-27 17:33:16][org.apache.commons.httpclient.HttpClient]SUN 1.7: SUN (DSA key/parameter generation; DSA signing; SHA-1, MD5 digests; SecureRandom; X.509 certificates; JKS keystore; PKIX CertPathValidator; PKIX CertPathBuilder; LDAP, Collection CertStores, JavaPolicy Policy; JavaLoginConfig Configuration)
[DEBUG] [2017-02-27 17:33:16][org.apache.commons.httpclient.HttpClient]SunRsaSign 1.7: Sun RSA signature provider
[DEBUG] [2017-02-27 17:33:16][org.apache.commons.httpclient.HttpClient]SunEC 1.7: Sun Elliptic Curve provider (EC, ECDSA, ECDH)
[DEBUG] [2017-02-27 17:33:16][org.apache.commons.httpclient.HttpClient]SunJSSE 1.7: Sun JSSE provider(PKCS12, SunX509 key/trust factories, SSLv3, TLSv1)
[DEBUG] [2017-02-27 17:33:16][org.apache.commons.httpclient.HttpClient]SunJCE 1.7: SunJCE Provider (implements RSA, DES, Triple DES, AES, Blowfish, ARCFOUR, RC2, PBE, Diffie-Hellman, HMAC)
[DEBUG] [2017-02-27 17:33:16][org.apache.commons.httpclient.HttpClient]SunJGSS 1.7: Sun (Kerberos v5, SPNEGO)
[DEBUG] [2017-02-27 17:33:16][org.apache.commons.httpclient.HttpClient]SunSASL 1.7: Sun SASL provider(implements client mechanisms for: DIGEST-MD5, GSSAPI, EXTERNAL, PLAIN, CRAM-MD5, NTLM; server mechanisms for: DIGEST-MD5, GSSAPI, CRAM-MD5, NTLM)
[DEBUG] [2017-02-27 17:33:16][org.apache.commons.httpclient.HttpClient]XMLDSig 1.0: XMLDSig (DOM XMLSignatureFactory; DOM KeyInfoFactory)
[DEBUG] [2017-02-27 17:33:16][org.apache.commons.httpclient.HttpClient]SunPCSC 1.7: Sun PC/SC provider
[DEBUG] [2017-02-27 17:33:16][org.apache.commons.httpclient.HttpClient]SunMSCAPI 1.7: Sun's Microsoft Crypto API provider
[DEBUG] [2017-02-27 17:33:16][org.apache.commons.httpclient.params.DefaultHttpParams]Set parameter http.useragent = Jakarta Commons-HttpClient/3.0.1
[DEBUG] [2017-02-27 17:33:16][org.apache.commons.httpclient.params.DefaultHttpParams]Set parameter http.protocol.version = HTTP/1.1
[DEBUG] [2017-02-27 17:33:16][org.apache.commons.httpclient.params.DefaultHttpParams]Set parameter http.connection-manager.class = class org.apache.commons.httpclient.SimpleHttpConnectionManager
[DEBUG] [2017-02-27 17:33:16][org.apache.commons.httpclient.params.DefaultHttpParams]Set parameter http.protocol.cookie-policy = rfc2109
[DEBUG] [2017-02-27 17:33:16][org.apache.commons.httpclient.params.DefaultHttpParams]Set parameter http.protocol.element-charset = US-ASCII
[DEBUG] [2017-02-27 17:33:16][org.apache.commons.httpclient.params.DefaultHttpParams]Set parameter http.protocol.content-charset = ISO-8859-1
[DEBUG] [2017-02-27 17:33:16][org.apache.commons.httpclient.params.DefaultHttpParams]Set parameter http.method.retry-handler = org.apache.commons.httpclient.DefaultHttpMethodRetryHandler@4ae523ed
[DEBUG] [2017-02-27 17:33:16][org.apache.commons.httpclient.params.DefaultHttpParams]Set parameter http.dateparser.patterns = [EEE, dd MMM yyyy HH:mm:ss zzz, EEEE, dd-MMM-yy HH:mm:ss zzz, EEE MMM d HH:mm:ss yyyy, EEE, dd-MMM-yyyy HH:mm:ss z, EEE, dd-MMM-yyyy HH-mm-ss z, EEE, dd MMM yy HH:mm:ss z, EEE dd-MMM-yyyy HH:mm:ss z, EEE dd MMM yyyy HH:mm:ss z, EEE dd-MMM-yyyy HH-mm-ss z, EEE dd-MMM-yy HH:mm:ss z, EEE dd MMM yy HH:mm:ss z, EEE,dd-MMM-yy HH:mm:ss z, EEE,dd-MMM-yyyy HH:mm:ss z, EEE, dd-MM-yyyy HH:mm:ss z]
[DEBUG] [2017-02-27 17:35:10][org.apache.commons.httpclient.HttpClient]Java version: 1.7.0_17
[DEBUG] [2017-02-27 17:35:10][org.apache.commons.httpclient.HttpClient]Java vendor: Oracle Corporation
[DEBUG] [2017-02-27 17:35:10][org.apache.commons.httpclient.HttpClient]Java class path: E:\myproj\2016_git\demo\target\classes;D:\eclipse\plugins\org.junit_4.12.0.v201504281640\junit.jar;D:\eclipse\plugins\org.hamcrest.core_1.3.0.v201303031735.jar;E:\apache-maven-3.3.9\mvnRespo\org\springframework\spring-core\4.0.2.RELEASE\spring-core-4.0.2.RELEASE.jar;E:\apache-maven-3.3.9\mvnRespo\commons-logging\commons-logging\1.1.3\commons-logging-1.1.3.jar;E:\apache-maven-3.3.9\mvnRespo\org\springframework\spring-web\4.0.2.RELEASE\spring-web-4.0.2.RELEASE.jar;E:\apache-maven-3.3.9\mvnRespo\org\springframework\spring-beans\4.0.2.RELEASE\spring-beans-4.0.2.RELEASE.jar;E:\apache-maven-3.3.9\mvnRespo\org\springframework\spring-context\4.0.2.RELEASE\spring-context-4.0.2.RELEASE.jar;E:\apache-maven-3.3.9\mvnRespo\org\springframework\spring-oxm\4.0.2.RELEASE\spring-oxm-4.0.2.RELEASE.jar;E:\apache-maven-3.3.9\mvnRespo\org\springframework\spring-tx\4.0.2.RELEASE\spring-tx-4.0.2.RELEASE.jar;E:\apache-maven-3.3.9\mvnRespo\org\springframework\spring-jdbc\4.0.2.RELEASE\spring-jdbc-4.0.2.RELEASE.jar;E:\apache-maven-3.3.9\mvnRespo\org\springframework\spring-webmvc\4.0.2.RELEASE\spring-webmvc-4.0.2.RELEASE.jar;E:\apache-maven-3.3.9\mvnRespo\org\springframework\spring-expression\4.0.2.RELEASE\spring-expression-4.0.2.RELEASE.jar;E:\apache-maven-3.3.9\mvnRespo\org\springframework\spring-aop\4.0.2.RELEASE\spring-aop-4.0.2.RELEASE.jar;E:\apache-maven-3.3.9\mvnRespo\aopalliance\aopalliance\1.0\aopalliance-1.0.jar;E:\apache-maven-3.3.9\mvnRespo\org\springframework\spring-context-support\4.0.2.RELEASE\spring-context-support-4.0.2.RELEASE.jar;E:\apache-maven-3.3.9\mvnRespo\org\springframework\spring-test\4.0.2.RELEASE\spring-test-4.0.2.RELEASE.jar;E:\apache-maven-3.3.9\mvnRespo\org\mybatis\mybatis\3.2.6\mybatis-3.2.6.jar;E:\apache-maven-3.3.9\mvnRespo\org\mybatis\mybatis-spring\1.2.2\mybatis-spring-1.2.2.jar;E:\apache-maven-3.3.9\mvnRespo\javax\javaee-api\7.0\javaee-api-7.0.jar;E:\apache-maven-3.3.9\mvnRespo\com\sun\mail\javax.mail\1.5.0\javax.mail-1.5.0.jar;E:\apache-maven-3.3.9\mvnRespo\javax\activation\activation\1.1\activation-1.1.jar;E:\apache-maven-3.3.9\mvnRespo\mysql\mysql-connector-java\5.1.30\mysql-connector-java-5.1.30.jar;E:\apache-maven-3.3.9\mvnRespo\commons-dbcp\commons-dbcp\1.2.2\commons-dbcp-1.2.2.jar;E:\apache-maven-3.3.9\mvnRespo\commons-pool\commons-pool\1.3\commons-pool-1.3.jar;E:\apache-maven-3.3.9\mvnRespo\jstl\jstl\1.2\jstl-1.2.jar;E:\apache-maven-3.3.9\mvnRespo\log4j\log4j\1.2.17\log4j-1.2.17.jar;E:\apache-maven-3.3.9\mvnRespo\com\alibaba\fastjson\1.1.41\fastjson-1.1.41.jar;E:\apache-maven-3.3.9\mvnRespo\org\slf4j\slf4j-api\1.7.7\slf4j-api-1.7.7.jar;E:\apache-maven-3.3.9\mvnRespo\org\slf4j\slf4j-log4j12\1.7.7\slf4j-log4j12-1.7.7.jar;E:\apache-maven-3.3.9\mvnRespo\org\codehaus\jackson\jackson-mapper-asl\1.9.13\jackson-mapper-asl-1.9.13.jar;E:\apache-maven-3.3.9\mvnRespo\org\codehaus\jackson\jackson-core-asl\1.9.13\jackson-core-asl-1.9.13.jar;E:\apache-maven-3.3.9\mvnRespo\commons-fileupload\commons-fileupload\1.3.1\commons-fileupload-1.3.1.jar;E:\apache-maven-3.3.9\mvnRespo\commons-io\commons-io\2.4\commons-io-2.4.jar;E:\apache-maven-3.3.9\mvnRespo\commons-codec\commons-codec\1.9\commons-codec-1.9.jar;E:\apache-maven-3.3.9\mvnRespo\net\sourceforge\jexcelapi\jxl\2.6.12\jxl-2.6.12.jar;E:\apache-maven-3.3.9\mvnRespo\org\apache\httpcomponents\httpclient\4.5.2\httpclient-4.5.2.jar;E:\apache-maven-3.3.9\mvnRespo\org\apache\httpcomponents\httpcore\4.4.4\httpcore-4.4.4.jar;E:\apache-maven-3.3.9\mvnRespo\org\jsoup\jsoup\1.6.3\jsoup-1.6.3.jar;E:\apache-maven-3.3.9\mvnRespo\commons-httpclient\commons-httpclient\3.0.1\commons-httpclient-3.0.1.jar
[DEBUG] [2017-02-27 17:35:10][org.apache.commons.httpclient.HttpClient]Operating system name: Windows 7
[DEBUG] [2017-02-27 17:35:10][org.apache.commons.httpclient.HttpClient]Operating system architecture: amd64
[DEBUG] [2017-02-27 17:35:10][org.apache.commons.httpclient.HttpClient]Operating system version: 6.1
[DEBUG] [2017-02-27 17:35:10][org.apache.commons.httpclient.HttpClient]SUN 1.7: SUN (DSA key/parameter generation; DSA signing; SHA-1, MD5 digests; SecureRandom; X.509 certificates; JKS keystore; PKIX CertPathValidator; PKIX CertPathBuilder; LDAP, Collection CertStores, JavaPolicy Policy; JavaLoginConfig Configuration)
[DEBUG] [2017-02-27 17:35:10][org.apache.commons.httpclient.HttpClient]SunRsaSign 1.7: Sun RSA signature provider
[DEBUG] [2017-02-27 17:35:10][org.apache.commons.httpclient.HttpClient]SunEC 1.7: Sun Elliptic Curve provider (EC, ECDSA, ECDH)
[DEBUG] [2017-02-27 17:35:10][org.apache.commons.httpclient.HttpClient]SunJSSE 1.7: Sun JSSE provider(PKCS12, SunX509 key/trust factories, SSLv3, TLSv1)
[DEBUG] [2017-02-27 17:35:10][org.apache.commons.httpclient.HttpClient]SunJCE 1.7: SunJCE Provider (implements RSA, DES, Triple DES, AES, Blowfish, ARCFOUR, RC2, PBE, Diffie-Hellman, HMAC)
[DEBUG] [2017-02-27 17:35:10][org.apache.commons.httpclient.HttpClient]SunJGSS 1.7: Sun (Kerberos v5, SPNEGO)
[DEBUG] [2017-02-27 17:35:10][org.apache.commons.httpclient.HttpClient]SunSASL 1.7: Sun SASL provider(implements client mechanisms for: DIGEST-MD5, GSSAPI, EXTERNAL, PLAIN, CRAM-MD5, NTLM; server mechanisms for: DIGEST-MD5, GSSAPI, CRAM-MD5, NTLM)
[DEBUG] [2017-02-27 17:35:10][org.apache.commons.httpclient.HttpClient]XMLDSig 1.0: XMLDSig (DOM XMLSignatureFactory; DOM KeyInfoFactory)
[DEBUG] [2017-02-27 17:35:10][org.apache.commons.httpclient.HttpClient]SunPCSC 1.7: Sun PC/SC provider
[DEBUG] [2017-02-27 17:35:10][org.apache.commons.httpclient.HttpClient]SunMSCAPI 1.7: Sun's Microsoft Crypto API provider
[DEBUG] [2017-02-27 17:35:10][org.apache.commons.httpclient.params.DefaultHttpParams]Set parameter http.useragent = Jakarta Commons-HttpClient/3.0.1
[DEBUG] [2017-02-27 17:35:10][org.apache.commons.httpclient.params.DefaultHttpParams]Set parameter http.protocol.version = HTTP/1.1
[DEBUG] [2017-02-27 17:35:10][org.apache.commons.httpclient.params.DefaultHttpParams]Set parameter http.connection-manager.class = class org.apache.commons.httpclient.SimpleHttpConnectionManager
[DEBUG] [2017-02-27 17:35:10][org.apache.commons.httpclient.params.DefaultHttpParams]Set parameter http.protocol.cookie-policy = rfc2109
[DEBUG] [2017-02-27 17:35:10][org.apache.commons.httpclient.params.DefaultHttpParams]Set parameter http.protocol.element-charset = US-ASCII
[DEBUG] [2017-02-27 17:35:10][org.apache.commons.httpclient.params.DefaultHttpParams]Set parameter http.protocol.content-charset = ISO-8859-1
[DEBUG] [2017-02-27 17:35:10][org.apache.commons.httpclient.params.DefaultHttpParams]Set parameter http.method.retry-handler = org.apache.commons.httpclient.DefaultHttpMethodRetryHandler@4ae523ed
[DEBUG] [2017-02-27 17:35:10][org.apache.commons.httpclient.params.DefaultHttpParams]Set parameter http.dateparser.patterns = [EEE, dd MMM yyyy HH:mm:ss zzz, EEEE, dd-MMM-yy HH:mm:ss zzz, EEE MMM d HH:mm:ss yyyy, EEE, dd-MMM-yyyy HH:mm:ss z, EEE, dd-MMM-yyyy HH-mm-ss z, EEE, dd MMM yy HH:mm:ss z, EEE dd-MMM-yyyy HH:mm:ss z, EEE dd MMM yyyy HH:mm:ss z, EEE dd-MMM-yyyy HH-mm-ss z, EEE dd-MMM-yy HH:mm:ss z, EEE dd MMM yy HH:mm:ss z, EEE,dd-MMM-yy HH:mm:ss z, EEE,dd-MMM-yyyy HH:mm:ss z, EEE, dd-MM-yyyy HH:mm:ss z]
